<?xml version="1.0" encoding="UTF-8"?>
<testsuite xmlns:xsi="http://www.w3.org/2001/XMLSchema-instance" xsi:noNamespaceSchemaLocation="https://maven.apache.org/surefire/maven-surefire-plugin/xsd/surefire-test-report.xsd" name="com.TestMessageController" time="21.351" tests="2" errors="0" skipped="0" failures="0">
  <properties>
[...]
</properties>
  <testcase name="testHello" classname="com.TestMessageController" time="0.171"/>
  <testcase name="testMessage" classname="com.TestMessageController" time="0.004"/>
</testsuite>